18:09:25 INFO  : Registering command handlers for SDK TCF services
18:09:25 INFO  : Launching XSCT server: xsct.bat -interactive D:\Masters\APLC\Project\PLC_project\PLC_project.sdk\temp_xsdb_launch_script.tcl
18:09:28 INFO  : XSCT server has started successfully.
18:09:29 INFO  : Successfully done setting XSCT server connection channel  
18:09:29 INFO  : Successfully done setting SDK workspace  
18:09:29 INFO  : Processing command line option -hwspec D:/Masters/APLC/Project/PLC_project/PLC_project.sdk/PLC_project_wrapper.hdf.
18:15:55 INFO  : 'targets -set -filter {jtag_cable_name =~ "Avnet MiniZed V1 1234-oj1A" && level==0} -index 1' command is executed.
18:15:55 INFO  : 'fpga -state' command is executed.
18:15:55 INFO  : Connected to target on host '127.0.0.1' and port '3121'.
18:15:55 INFO  : Jtag cable 'Avnet MiniZed V1 1234-oj1A' is selected.
18:15:55 INFO  : 'jtag frequency' command is executed.
18:15:55 INFO  : Sourcing of 'D:/Masters/APLC/Project/PLC_project/PLC_project.sdk/PLC_project_wrapper_hw_platform_0/ps7_init.tcl' is done.
18:15:55 INFO  : Context for 'APU' is selected.
18:15:55 INFO  : Hardware design information is loaded from 'D:/Masters/APLC/Project/PLC_project/PLC_project.sdk/PLC_project_wrapper_hw_platform_0/system.hdf'.
18:15:55 INFO  : 'configparams force-mem-access 1' command is executed.
18:15:55 INFO  : Context for 'APU' is selected.
18:15:55 INFO  : 'stop' command is executed.
18:15:56 INFO  : 'ps7_init' command is executed.
18:15:56 INFO  : 'ps7_post_config' command is executed.
18:15:56 INFO  : Context for processor 'ps7_cortexa9_0' is selected.
18:15:56 INFO  : Processor reset is completed for 'ps7_cortexa9_0'.
18:15:56 INFO  : Context for processor 'ps7_cortexa9_0' is selected.
18:15:56 INFO  : The application 'D:/Masters/APLC/Project/PLC_project/PLC_project.sdk/feedfarword/Debug/feedfarword.elf' is downloaded to processor 'ps7_cortexa9_0'.
18:15:56 INFO  : 'configparams force-mem-access 0' command is executed.
18:15:56 INFO  : ----------------XSDB Script----------------
connect -url tcp:127.0.0.1:3121
source D:/Masters/APLC/Project/PLC_project/PLC_project.sdk/PLC_project_wrapper_hw_platform_0/ps7_init.tcl
targets -set -nocase -filter {name =~"APU*" && jtag_cable_name =~ "Avnet MiniZed V1 1234-oj1A"} -index 0
loadhw -hw D:/Masters/APLC/Project/PLC_project/PLC_project.sdk/PLC_project_wrapper_hw_platform_0/system.hdf -mem-ranges [list {0x40000000 0xbfffffff}]
configparams force-mem-access 1
targets -set -nocase -filter {name =~"APU*" && jtag_cable_name =~ "Avnet MiniZed V1 1234-oj1A"} -index 0
stop
ps7_init
ps7_post_config
targets -set -nocase -filter {name =~ "ARM*#0" && jtag_cable_name =~ "Avnet MiniZed V1 1234-oj1A"} -index 0
rst -processor
targets -set -nocase -filter {name =~ "ARM*#0" && jtag_cable_name =~ "Avnet MiniZed V1 1234-oj1A"} -index 0
dow D:/Masters/APLC/Project/PLC_project/PLC_project.sdk/feedfarword/Debug/feedfarword.elf
configparams force-mem-access 0
----------------End of Script----------------

18:15:56 INFO  : Memory regions updated for context APU
18:15:56 INFO  : Context for processor 'ps7_cortexa9_0' is selected.
18:15:56 INFO  : 'con' command is executed.
18:15:56 INFO  : ----------------XSDB Script (After Launch)----------------
targets -set -nocase -filter {name =~ "ARM*#0" && jtag_cable_name =~ "Avnet MiniZed V1 1234-oj1A"} -index 0
con
----------------End of Script----------------

18:15:56 INFO  : Launch script is exported to file 'D:\Masters\APLC\Project\PLC_project\PLC_project.sdk\.sdk\launch_scripts\xilinx_c-c++_application_(system_debugger)\system_debugger_using_debug_feedfarword.elf_on_local.tcl'
18:16:37 INFO  : Refreshed build settings on project feedfarword
18:17:04 INFO  : Disconnected from the channel tcfchan#1.
18:17:05 INFO  : 'targets -set -filter {jtag_cable_name =~ "Avnet MiniZed V1 1234-oj1A" && level==0} -index 1' command is executed.
18:17:05 INFO  : 'fpga -state' command is executed.
18:17:05 INFO  : Connected to target on host '127.0.0.1' and port '3121'.
18:17:05 INFO  : Jtag cable 'Avnet MiniZed V1 1234-oj1A' is selected.
18:17:05 INFO  : 'jtag frequency' command is executed.
18:17:05 INFO  : Sourcing of 'D:/Masters/APLC/Project/PLC_project/PLC_project.sdk/PLC_project_wrapper_hw_platform_0/ps7_init.tcl' is done.
18:17:05 INFO  : Context for 'APU' is selected.
18:17:07 INFO  : Hardware design information is loaded from 'D:/Masters/APLC/Project/PLC_project/PLC_project.sdk/PLC_project_wrapper_hw_platform_0/system.hdf'.
18:17:07 INFO  : 'configparams force-mem-access 1' command is executed.
18:17:07 INFO  : Context for 'APU' is selected.
18:17:07 INFO  : 'stop' command is executed.
18:17:08 INFO  : 'ps7_init' command is executed.
18:17:08 INFO  : 'ps7_post_config' command is executed.
18:17:08 INFO  : Context for processor 'ps7_cortexa9_0' is selected.
18:17:08 INFO  : Processor reset is completed for 'ps7_cortexa9_0'.
18:17:08 INFO  : Context for processor 'ps7_cortexa9_0' is selected.
18:17:08 INFO  : The application 'D:/Masters/APLC/Project/PLC_project/PLC_project.sdk/feedfarword/Debug/feedfarword.elf' is downloaded to processor 'ps7_cortexa9_0'.
18:17:08 INFO  : 'configparams force-mem-access 0' command is executed.
18:17:08 INFO  : ----------------XSDB Script----------------
connect -url tcp:127.0.0.1:3121
source D:/Masters/APLC/Project/PLC_project/PLC_project.sdk/PLC_project_wrapper_hw_platform_0/ps7_init.tcl
targets -set -nocase -filter {name =~"APU*" && jtag_cable_name =~ "Avnet MiniZed V1 1234-oj1A"} -index 0
loadhw -hw D:/Masters/APLC/Project/PLC_project/PLC_project.sdk/PLC_project_wrapper_hw_platform_0/system.hdf -mem-ranges [list {0x40000000 0xbfffffff}]
configparams force-mem-access 1
targets -set -nocase -filter {name =~"APU*" && jtag_cable_name =~ "Avnet MiniZed V1 1234-oj1A"} -index 0
stop
ps7_init
ps7_post_config
targets -set -nocase -filter {name =~ "ARM*#0" && jtag_cable_name =~ "Avnet MiniZed V1 1234-oj1A"} -index 0
rst -processor
targets -set -nocase -filter {name =~ "ARM*#0" && jtag_cable_name =~ "Avnet MiniZed V1 1234-oj1A"} -index 0
dow D:/Masters/APLC/Project/PLC_project/PLC_project.sdk/feedfarword/Debug/feedfarword.elf
configparams force-mem-access 0
----------------End of Script----------------

18:17:08 INFO  : Memory regions updated for context APU
18:17:08 INFO  : Context for processor 'ps7_cortexa9_0' is selected.
18:17:08 INFO  : 'con' command is executed.
18:17:08 INFO  : ----------------XSDB Script (After Launch)----------------
targets -set -nocase -filter {name =~ "ARM*#0" && jtag_cable_name =~ "Avnet MiniZed V1 1234-oj1A"} -index 0
con
----------------End of Script----------------

18:17:08 INFO  : Launch script is exported to file 'D:\Masters\APLC\Project\PLC_project\PLC_project.sdk\.sdk\launch_scripts\xilinx_c-c++_application_(system_debugger)\system_debugger_using_debug_feedfarword.elf_on_local.tcl'
18:17:25 INFO  : Disconnected from the channel tcfchan#2.
18:17:26 INFO  : 'targets -set -filter {jtag_cable_name =~ "Avnet MiniZed V1 1234-oj1A" && level==0} -index 1' command is executed.
18:17:26 INFO  : 'fpga -state' command is executed.
18:17:26 INFO  : Connected to target on host '127.0.0.1' and port '3121'.
18:17:26 INFO  : Jtag cable 'Avnet MiniZed V1 1234-oj1A' is selected.
18:17:26 INFO  : 'jtag frequency' command is executed.
18:17:26 INFO  : Sourcing of 'D:/Masters/APLC/Project/PLC_project/PLC_project.sdk/PLC_project_wrapper_hw_platform_0/ps7_init.tcl' is done.
18:17:27 INFO  : Context for 'APU' is selected.
18:17:28 INFO  : Hardware design information is loaded from 'D:/Masters/APLC/Project/PLC_project/PLC_project.sdk/PLC_project_wrapper_hw_platform_0/system.hdf'.
18:17:28 INFO  : 'configparams force-mem-access 1' command is executed.
18:17:28 INFO  : Context for 'APU' is selected.
18:17:28 INFO  : 'stop' command is executed.
18:17:29 INFO  : 'ps7_init' command is executed.
18:17:29 INFO  : 'ps7_post_config' command is executed.
18:17:29 INFO  : Context for processor 'ps7_cortexa9_0' is selected.
18:17:29 INFO  : Processor reset is completed for 'ps7_cortexa9_0'.
18:17:29 INFO  : Context for processor 'ps7_cortexa9_0' is selected.
18:17:29 INFO  : The application 'D:/Masters/APLC/Project/PLC_project/PLC_project.sdk/feedfarword/Debug/feedfarword.elf' is downloaded to processor 'ps7_cortexa9_0'.
18:17:29 INFO  : 'configparams force-mem-access 0' command is executed.
18:17:29 INFO  : ----------------XSDB Script----------------
connect -url tcp:127.0.0.1:3121
source D:/Masters/APLC/Project/PLC_project/PLC_project.sdk/PLC_project_wrapper_hw_platform_0/ps7_init.tcl
targets -set -nocase -filter {name =~"APU*" && jtag_cable_name =~ "Avnet MiniZed V1 1234-oj1A"} -index 0
loadhw -hw D:/Masters/APLC/Project/PLC_project/PLC_project.sdk/PLC_project_wrapper_hw_platform_0/system.hdf -mem-ranges [list {0x40000000 0xbfffffff}]
configparams force-mem-access 1
targets -set -nocase -filter {name =~"APU*" && jtag_cable_name =~ "Avnet MiniZed V1 1234-oj1A"} -index 0
stop
ps7_init
ps7_post_config
targets -set -nocase -filter {name =~ "ARM*#0" && jtag_cable_name =~ "Avnet MiniZed V1 1234-oj1A"} -index 0
rst -processor
targets -set -nocase -filter {name =~ "ARM*#0" && jtag_cable_name =~ "Avnet MiniZed V1 1234-oj1A"} -index 0
dow D:/Masters/APLC/Project/PLC_project/PLC_project.sdk/feedfarword/Debug/feedfarword.elf
configparams force-mem-access 0
----------------End of Script----------------

18:17:29 INFO  : Memory regions updated for context APU
18:17:29 INFO  : Context for processor 'ps7_cortexa9_0' is selected.
18:17:29 INFO  : 'con' command is executed.
18:17:29 INFO  : ----------------XSDB Script (After Launch)----------------
targets -set -nocase -filter {name =~ "ARM*#0" && jtag_cable_name =~ "Avnet MiniZed V1 1234-oj1A"} -index 0
con
----------------End of Script----------------

18:17:29 INFO  : Launch script is exported to file 'D:\Masters\APLC\Project\PLC_project\PLC_project.sdk\.sdk\launch_scripts\xilinx_c-c++_application_(system_debugger)\system_debugger_using_debug_feedfarword.elf_on_local.tcl'
18:17:40 INFO  : Disconnected from the channel tcfchan#3.
18:17:41 INFO  : 'targets -set -filter {jtag_cable_name =~ "Avnet MiniZed V1 1234-oj1A" && level==0} -index 1' command is executed.
18:17:41 INFO  : 'fpga -state' command is executed.
18:17:41 INFO  : Connected to target on host '127.0.0.1' and port '3121'.
18:17:42 INFO  : Jtag cable 'Avnet MiniZed V1 1234-oj1A' is selected.
18:17:42 INFO  : 'jtag frequency' command is executed.
18:17:42 INFO  : Sourcing of 'D:/Masters/APLC/Project/PLC_project/PLC_project.sdk/PLC_project_wrapper_hw_platform_0/ps7_init.tcl' is done.
18:17:42 INFO  : Context for 'APU' is selected.
18:17:44 INFO  : Hardware design information is loaded from 'D:/Masters/APLC/Project/PLC_project/PLC_project.sdk/PLC_project_wrapper_hw_platform_0/system.hdf'.
18:17:44 INFO  : 'configparams force-mem-access 1' command is executed.
18:17:44 INFO  : Context for 'APU' is selected.
18:17:44 INFO  : 'stop' command is executed.
18:17:44 INFO  : 'ps7_init' command is executed.
18:17:44 INFO  : 'ps7_post_config' command is executed.
18:17:44 INFO  : Context for processor 'ps7_cortexa9_0' is selected.
18:17:44 INFO  : Processor reset is completed for 'ps7_cortexa9_0'.
18:17:44 INFO  : Context for processor 'ps7_cortexa9_0' is selected.
18:17:45 INFO  : The application 'D:/Masters/APLC/Project/PLC_project/PLC_project.sdk/feedfarword/Debug/feedfarword.elf' is downloaded to processor 'ps7_cortexa9_0'.
18:17:45 INFO  : 'configparams force-mem-access 0' command is executed.
18:17:45 INFO  : ----------------XSDB Script----------------
connect -url tcp:127.0.0.1:3121
source D:/Masters/APLC/Project/PLC_project/PLC_project.sdk/PLC_project_wrapper_hw_platform_0/ps7_init.tcl
targets -set -nocase -filter {name =~"APU*" && jtag_cable_name =~ "Avnet MiniZed V1 1234-oj1A"} -index 0
loadhw -hw D:/Masters/APLC/Project/PLC_project/PLC_project.sdk/PLC_project_wrapper_hw_platform_0/system.hdf -mem-ranges [list {0x40000000 0xbfffffff}]
configparams force-mem-access 1
targets -set -nocase -filter {name =~"APU*" && jtag_cable_name =~ "Avnet MiniZed V1 1234-oj1A"} -index 0
stop
ps7_init
ps7_post_config
targets -set -nocase -filter {name =~ "ARM*#0" && jtag_cable_name =~ "Avnet MiniZed V1 1234-oj1A"} -index 0
rst -processor
targets -set -nocase -filter {name =~ "ARM*#0" && jtag_cable_name =~ "Avnet MiniZed V1 1234-oj1A"} -index 0
dow D:/Masters/APLC/Project/PLC_project/PLC_project.sdk/feedfarword/Debug/feedfarword.elf
configparams force-mem-access 0
----------------End of Script----------------

18:17:45 INFO  : Memory regions updated for context APU
18:17:45 INFO  : Context for processor 'ps7_cortexa9_0' is selected.
18:17:45 INFO  : 'con' command is executed.
18:17:45 INFO  : ----------------XSDB Script (After Launch)----------------
targets -set -nocase -filter {name =~ "ARM*#0" && jtag_cable_name =~ "Avnet MiniZed V1 1234-oj1A"} -index 0
con
----------------End of Script----------------

18:17:45 INFO  : Launch script is exported to file 'D:\Masters\APLC\Project\PLC_project\PLC_project.sdk\.sdk\launch_scripts\xilinx_c-c++_application_(system_debugger)\system_debugger_using_debug_feedfarword.elf_on_local.tcl'
18:18:36 INFO  : Disconnected from the channel tcfchan#4.
18:18:37 INFO  : 'targets -set -filter {jtag_cable_name =~ "Avnet MiniZed V1 1234-oj1A" && level==0} -index 1' command is executed.
18:18:37 INFO  : 'fpga -state' command is executed.
18:18:37 INFO  : Connected to target on host '127.0.0.1' and port '3121'.
18:18:37 INFO  : Jtag cable 'Avnet MiniZed V1 1234-oj1A' is selected.
18:18:37 INFO  : 'jtag frequency' command is executed.
18:18:37 INFO  : Sourcing of 'D:/Masters/APLC/Project/PLC_project/PLC_project.sdk/PLC_project_wrapper_hw_platform_0/ps7_init.tcl' is done.
18:18:37 INFO  : Context for 'APU' is selected.
18:18:39 INFO  : Hardware design information is loaded from 'D:/Masters/APLC/Project/PLC_project/PLC_project.sdk/PLC_project_wrapper_hw_platform_0/system.hdf'.
18:18:39 INFO  : 'configparams force-mem-access 1' command is executed.
18:18:39 INFO  : Context for 'APU' is selected.
18:18:39 INFO  : 'stop' command is executed.
18:18:40 INFO  : 'ps7_init' command is executed.
18:18:40 INFO  : 'ps7_post_config' command is executed.
18:18:40 INFO  : Context for processor 'ps7_cortexa9_0' is selected.
18:18:40 INFO  : Processor reset is completed for 'ps7_cortexa9_0'.
18:18:40 INFO  : Context for processor 'ps7_cortexa9_0' is selected.
18:18:40 INFO  : The application 'D:/Masters/APLC/Project/PLC_project/PLC_project.sdk/feedfarword/Debug/feedfarword.elf' is downloaded to processor 'ps7_cortexa9_0'.
18:18:40 INFO  : 'configparams force-mem-access 0' command is executed.
18:18:40 INFO  : ----------------XSDB Script----------------
connect -url tcp:127.0.0.1:3121
source D:/Masters/APLC/Project/PLC_project/PLC_project.sdk/PLC_project_wrapper_hw_platform_0/ps7_init.tcl
targets -set -nocase -filter {name =~"APU*" && jtag_cable_name =~ "Avnet MiniZed V1 1234-oj1A"} -index 0
loadhw -hw D:/Masters/APLC/Project/PLC_project/PLC_project.sdk/PLC_project_wrapper_hw_platform_0/system.hdf -mem-ranges [list {0x40000000 0xbfffffff}]
configparams force-mem-access 1
targets -set -nocase -filter {name =~"APU*" && jtag_cable_name =~ "Avnet MiniZed V1 1234-oj1A"} -index 0
stop
ps7_init
ps7_post_config
targets -set -nocase -filter {name =~ "ARM*#0" && jtag_cable_name =~ "Avnet MiniZed V1 1234-oj1A"} -index 0
rst -processor
targets -set -nocase -filter {name =~ "ARM*#0" && jtag_cable_name =~ "Avnet MiniZed V1 1234-oj1A"} -index 0
dow D:/Masters/APLC/Project/PLC_project/PLC_project.sdk/feedfarword/Debug/feedfarword.elf
configparams force-mem-access 0
----------------End of Script----------------

18:18:40 INFO  : Memory regions updated for context APU
18:18:40 INFO  : Context for processor 'ps7_cortexa9_0' is selected.
18:18:40 INFO  : 'con' command is executed.
18:18:40 INFO  : ----------------XSDB Script (After Launch)----------------
targets -set -nocase -filter {name =~ "ARM*#0" && jtag_cable_name =~ "Avnet MiniZed V1 1234-oj1A"} -index 0
con
----------------End of Script----------------

18:18:40 INFO  : Launch script is exported to file 'D:\Masters\APLC\Project\PLC_project\PLC_project.sdk\.sdk\launch_scripts\xilinx_c-c++_application_(system_debugger)\system_debugger_using_debug_feedfarword.elf_on_local.tcl'
18:18:55 INFO  : Disconnected from the channel tcfchan#5.
18:18:56 INFO  : 'targets -set -filter {jtag_cable_name =~ "Avnet MiniZed V1 1234-oj1A" && level==0} -index 1' command is executed.
18:18:56 INFO  : 'fpga -state' command is executed.
18:18:56 INFO  : Connected to target on host '127.0.0.1' and port '3121'.
18:18:56 INFO  : Jtag cable 'Avnet MiniZed V1 1234-oj1A' is selected.
18:18:56 INFO  : 'jtag frequency' command is executed.
18:18:56 INFO  : Sourcing of 'D:/Masters/APLC/Project/PLC_project/PLC_project.sdk/PLC_project_wrapper_hw_platform_0/ps7_init.tcl' is done.
18:18:56 INFO  : Context for 'APU' is selected.
18:18:57 INFO  : Hardware design information is loaded from 'D:/Masters/APLC/Project/PLC_project/PLC_project.sdk/PLC_project_wrapper_hw_platform_0/system.hdf'.
18:18:57 INFO  : 'configparams force-mem-access 1' command is executed.
18:18:57 INFO  : Context for 'APU' is selected.
18:18:58 INFO  : 'stop' command is executed.
18:18:58 INFO  : 'ps7_init' command is executed.
18:18:58 INFO  : 'ps7_post_config' command is executed.
18:18:58 INFO  : Context for processor 'ps7_cortexa9_0' is selected.
18:18:58 INFO  : Processor reset is completed for 'ps7_cortexa9_0'.
18:18:58 INFO  : Context for processor 'ps7_cortexa9_0' is selected.
18:18:59 INFO  : The application 'D:/Masters/APLC/Project/PLC_project/PLC_project.sdk/feedfarword/Debug/feedfarword.elf' is downloaded to processor 'ps7_cortexa9_0'.
18:18:59 INFO  : 'configparams force-mem-access 0' command is executed.
18:18:59 INFO  : ----------------XSDB Script----------------
connect -url tcp:127.0.0.1:3121
source D:/Masters/APLC/Project/PLC_project/PLC_project.sdk/PLC_project_wrapper_hw_platform_0/ps7_init.tcl
targets -set -nocase -filter {name =~"APU*" && jtag_cable_name =~ "Avnet MiniZed V1 1234-oj1A"} -index 0
loadhw -hw D:/Masters/APLC/Project/PLC_project/PLC_project.sdk/PLC_project_wrapper_hw_platform_0/system.hdf -mem-ranges [list {0x40000000 0xbfffffff}]
configparams force-mem-access 1
targets -set -nocase -filter {name =~"APU*" && jtag_cable_name =~ "Avnet MiniZed V1 1234-oj1A"} -index 0
stop
ps7_init
ps7_post_config
targets -set -nocase -filter {name =~ "ARM*#0" && jtag_cable_name =~ "Avnet MiniZed V1 1234-oj1A"} -index 0
rst -processor
targets -set -nocase -filter {name =~ "ARM*#0" && jtag_cable_name =~ "Avnet MiniZed V1 1234-oj1A"} -index 0
dow D:/Masters/APLC/Project/PLC_project/PLC_project.sdk/feedfarword/Debug/feedfarword.elf
configparams force-mem-access 0
----------------End of Script----------------

18:18:59 INFO  : Memory regions updated for context APU
18:18:59 INFO  : Context for processor 'ps7_cortexa9_0' is selected.
18:18:59 INFO  : 'con' command is executed.
18:18:59 INFO  : ----------------XSDB Script (After Launch)----------------
targets -set -nocase -filter {name =~ "ARM*#0" && jtag_cable_name =~ "Avnet MiniZed V1 1234-oj1A"} -index 0
con
----------------End of Script----------------

18:18:59 INFO  : Launch script is exported to file 'D:\Masters\APLC\Project\PLC_project\PLC_project.sdk\.sdk\launch_scripts\xilinx_c-c++_application_(system_debugger)\system_debugger_using_debug_feedfarword.elf_on_local.tcl'
18:20:16 INFO  : Disconnected from the channel tcfchan#6.
